:accounts:compileJava UP-TO-DATE
:accounts:processResources
:accounts:classes
:accounts:findMainClass
:accounts:bootRun
5555: INFO  AccountsServer - Starting AccountsServer on cristian-PT with PID 5555 (/home/cristian/workspace/IW/Laboratory-6-microservices/accounts/build/classes/main started by cristian in /home/cristian/workspace/IW/Laboratory-6-microservices/accounts)
5555: INFO  AccountsServer - No profiles are active
5555: INFO  AccountsServer - Started AccountsServer in 0.875 seconds (JVM running for 1.374)

  .   ____          _            __ _ _
 /\\ / ___'_ __ _ _(_)_ __  __ _ \ \ \ \
( ( )\___ | '_ | '_| | '_ \/ _` | \ \ \ \
 \\/  ___)| |_)| | | | | || (_| |  ) ) ) )
  '  |____| .__|_| |_|_| |_\__, | / / / /
 =========|_|==============|___/=/_/_/_/
 :: Spring Boot ::        (v1.3.0.RELEASE)

5555: INFO  AccountsServer - No profiles are active
5555: INFO  StandardService - Starting service Tomcat
5555: INFO  StandardEngine - Starting Servlet Engine: Apache Tomcat/8.0.28
5555: INFO  [/] - Initializing Spring embedded WebApplicationContext
5555: INFO  AccountsWebApplication - dataSource() invoked
5555: INFO  AccountsWebApplication - dataSource = org.springframework.jdbc.datasource.embedded.EmbeddedDatabaseFactory$EmbeddedDataSourceProxy@51a18b21
5555: INFO  AccountsWebApplication - System has 21 accounts
5555: WARN  H2Dialect - HHH000431: Unable to determine H2 database version, certain features may not work
Hibernate: select count(*) as col_0_0_ from t_account account0_
5555: INFO  AccountsController - AccountRepository says system has 21 accounts
5555: WARN  URLConfigurationSource - No URLs will be polled as dynamic configuration sources.
5555: INFO  URLConfigurationSource - To enable URLs as dynamic configuration sources, define System property archaius.configurationSource.additionalUrls or make config.properties available on classpath.
5555: INFO  DynamicPropertyFactory - DynamicPropertyFactory is initialized with configuration sources: com.netflix.config.ConcurrentCompositeConfiguration@13e1e816
5555: WARN  URLConfigurationSource - No URLs will be polled as dynamic configuration sources.
5555: INFO  URLConfigurationSource - To enable URLs as dynamic configuration sources, define System property archaius.configurationSource.additionalUrls or make config.properties available on classpath.
5555: INFO  EurekaConfigBasedInstanceInfoProvider - Setting initial instance status as: STARTING
5555: INFO  DiscoveryClient - Disable delta property : false
5555: INFO  DiscoveryClient - Single vip registry refresh property : null
5555: INFO  DiscoveryClient - Force full registry fetch : false
5555: INFO  DiscoveryClient - Application is null : false
5555: INFO  DiscoveryClient - Registered Applications size is zero : true
5555: INFO  DiscoveryClient - Application version is -1: true
5555: INFO  DiscoveryClient - Getting all instance registry info from the eureka server
5555: INFO  DiscoveryClient - The response status is 200
5555: INFO  DiscoveryClient - Starting heartbeat executor: renew interval is: 30
5555: INFO  Http11NioProtocol - Initializing ProtocolHandler ["http-nio-2222"]
5555: INFO  Http11NioProtocol - Starting ProtocolHandler ["http-nio-2222"]
5555: INFO  NioSelectorPool - Using a shared selector for servlet write/read
5555: INFO  AccountsServer - Started AccountsServer in 7.259 seconds (JVM running for 7.692)
5555: INFO  DiscoveryClient - Disable delta property : false
5555: INFO  DiscoveryClient - Single vip registry refresh property : null
5555: INFO  DiscoveryClient - Force full registry fetch : false
5555: INFO  DiscoveryClient - Application is null : false
5555: INFO  DiscoveryClient - Registered Applications size is zero : true
5555: INFO  DiscoveryClient - Application version is -1: false
5555: INFO  DiscoveryClient - Getting all instance registry info from the eureka server
5555: INFO  DiscoveryClient - The response status is 200
5555: INFO  DiscoveryClient - DiscoveryClient_ACCOUNTS-SERVICE/cristian-PT - Re-registering apps/ACCOUNTS-SERVICE
5555: INFO  DiscoveryClient - DiscoveryClient_ACCOUNTS-SERVICE/cristian-PT: registering service...
5555: INFO  DiscoveryClient - DiscoveryClient_ACCOUNTS-SERVICE/cristian-PT - registration status: 204
5555: INFO  DiscoveryClient - DiscoveryClient_ACCOUNTS-SERVICE/cristian-PT - retransmit instance info with status UP
5555: INFO  DiscoveryClient - DiscoveryClient_ACCOUNTS-SERVICE/cristian-PT: registering service...
5555: INFO  DiscoveryClient - DiscoveryClient_ACCOUNTS-SERVICE/cristian-PT - registration status: 204
5555: INFO  DiscoveryClient - Disable delta property : false
5555: INFO  DiscoveryClient - Single vip registry refresh property : null
5555: INFO  DiscoveryClient - Force full registry fetch : false
5555: INFO  DiscoveryClient - Application is null : false
5555: INFO  DiscoveryClient - Registered Applications size is zero : true
5555: INFO  DiscoveryClient - Application version is -1: false
5555: INFO  DiscoveryClient - The response status is 200
5555: INFO  DiscoveryClient - DiscoveryClient_ACCOUNTS-SERVICE/cristian-PT - Re-registering apps/ACCOUNTS-SERVICE
5555: INFO  DiscoveryClient - DiscoveryClient_ACCOUNTS-SERVICE/cristian-PT: registering service...
5555: INFO  DiscoveryClient - DiscoveryClient_ACCOUNTS-SERVICE/cristian-PT - registration status: 204
