:accounts:compileJava UP-TO-DATE
:accounts:processResources
:accounts:classes
:accounts:findMainClass
:accounts:bootRun
5732: INFO  AccountsServer - Starting AccountsServer on cristian-PT with PID 5732 (/home/cristian/workspace/IW/Laboratory-6-microservices/accounts/build/classes/main started by cristian in /home/cristian/workspace/IW/Laboratory-6-microservices/accounts)
5732: INFO  AccountsServer - No profiles are active
5732: INFO  AccountsServer - Started AccountsServer in 0.903 seconds (JVM running for 1.472)

  .   ____          _            __ _ _
 /\\ / ___'_ __ _ _(_)_ __  __ _ \ \ \ \
( ( )\___ | '_ | '_| | '_ \/ _` | \ \ \ \
 \\/  ___)| |_)| | | | | || (_| |  ) ) ) )
  '  |____| .__|_| |_|_| |_\__, | / / / /
 =========|_|==============|___/=/_/_/_/
 :: Spring Boot ::        (v1.3.0.RELEASE)

5732: INFO  AccountsServer - No profiles are active
5732: INFO  StandardService - Starting service Tomcat
5732: INFO  StandardEngine - Starting Servlet Engine: Apache Tomcat/8.0.28
5732: INFO  [/] - Initializing Spring embedded WebApplicationContext
5732: INFO  AccountsWebApplication - dataSource() invoked
5732: INFO  AccountsWebApplication - dataSource = org.springframework.jdbc.datasource.embedded.EmbeddedDatabaseFactory$EmbeddedDataSourceProxy@51a18b21
5732: INFO  AccountsWebApplication - System has 21 accounts
5732: WARN  H2Dialect - HHH000431: Unable to determine H2 database version, certain features may not work
Hibernate: select count(*) as col_0_0_ from t_account account0_
5732: INFO  AccountsController - AccountRepository says system has 21 accounts
5732: WARN  URLConfigurationSource - No URLs will be polled as dynamic configuration sources.
5732: INFO  URLConfigurationSource - To enable URLs as dynamic configuration sources, define System property archaius.configurationSource.additionalUrls or make config.properties available on classpath.
5732: INFO  DynamicPropertyFactory - DynamicPropertyFactory is initialized with configuration sources: com.netflix.config.ConcurrentCompositeConfiguration@5a8d676e
5732: WARN  URLConfigurationSource - No URLs will be polled as dynamic configuration sources.
5732: INFO  URLConfigurationSource - To enable URLs as dynamic configuration sources, define System property archaius.configurationSource.additionalUrls or make config.properties available on classpath.
5732: INFO  EurekaConfigBasedInstanceInfoProvider - Setting initial instance status as: STARTING
5732: INFO  DiscoveryClient - Disable delta property : false
5732: INFO  DiscoveryClient - Single vip registry refresh property : null
5732: INFO  DiscoveryClient - Force full registry fetch : false
5732: INFO  DiscoveryClient - Application is null : false
5732: INFO  DiscoveryClient - Registered Applications size is zero : true
5732: INFO  DiscoveryClient - Application version is -1: true
5732: INFO  DiscoveryClient - Getting all instance registry info from the eureka server
5732: INFO  DiscoveryClient - The response status is 200
5732: INFO  DiscoveryClient - Starting heartbeat executor: renew interval is: 30
5732: INFO  Http11NioProtocol - Initializing ProtocolHandler ["http-nio-4444"]
5732: INFO  Http11NioProtocol - Starting ProtocolHandler ["http-nio-4444"]
5732: INFO  NioSelectorPool - Using a shared selector for servlet write/read
5732: INFO  AccountsServer - Started AccountsServer in 6.776 seconds (JVM running for 7.255)
5732: INFO  DiscoveryClient - Disable delta property : false
5732: INFO  DiscoveryClient - Single vip registry refresh property : null
5732: INFO  DiscoveryClient - Force full registry fetch : false
5732: INFO  DiscoveryClient - Application is null : false
5732: INFO  DiscoveryClient - Registered Applications size is zero : true
5732: INFO  DiscoveryClient - Application version is -1: false
5732: INFO  DiscoveryClient - Getting all instance registry info from the eureka server
5732: INFO  DiscoveryClient - The response status is 200
5732: INFO  DiscoveryClient - DiscoveryClient_ACCOUNTS-SERVICE/cristian-PT - Re-registering apps/ACCOUNTS-SERVICE
5732: INFO  DiscoveryClient - DiscoveryClient_ACCOUNTS-SERVICE/cristian-PT: registering service...
5732: INFO  DiscoveryClient - DiscoveryClient_ACCOUNTS-SERVICE/cristian-PT - registration status: 204
5732: INFO  DiscoveryClient - DiscoveryClient_ACCOUNTS-SERVICE/cristian-PT - retransmit instance info with status UP
5732: INFO  DiscoveryClient - DiscoveryClient_ACCOUNTS-SERVICE/cristian-PT: registering service...
5732: INFO  DiscoveryClient - DiscoveryClient_ACCOUNTS-SERVICE/cristian-PT - registration status: 204
5732: INFO  DiscoveryClient - DiscoveryClient_ACCOUNTS-SERVICE/cristian-PT - Re-registering apps/ACCOUNTS-SERVICE
5732: INFO  DiscoveryClient - DiscoveryClient_ACCOUNTS-SERVICE/cristian-PT: registering service...
5732: INFO  DiscoveryClient - DiscoveryClient_ACCOUNTS-SERVICE/cristian-PT - registration status: 204
5732: INFO  DiscoveryClient - DiscoveryClient_ACCOUNTS-SERVICE/cristian-PT - Re-registering apps/ACCOUNTS-SERVICE
5732: INFO  DiscoveryClient - DiscoveryClient_ACCOUNTS-SERVICE/cristian-PT: registering service...
5732: INFO  DiscoveryClient - DiscoveryClient_ACCOUNTS-SERVICE/cristian-PT - registration status: 204
