:web:compileJava UP-TO-DATE
:web:processResources UP-TO-DATE
:web:classes UP-TO-DATE
:web:findMainClass
:web:bootRun
5641: INFO  WebServer - Starting WebServer on cristian-PT with PID 5641 (/home/cristian/workspace/IW/Laboratory-6-microservices/web/build/classes/main started by cristian in /home/cristian/workspace/IW/Laboratory-6-microservices/web)
5641: INFO  WebServer - No profiles are active
5641: INFO  WebServer - Started WebServer in 0.674 seconds (JVM running for 1.233)

  .   ____          _            __ _ _
 /\\ / ___'_ __ _ _(_)_ __  __ _ \ \ \ \
( ( )\___ | '_ | '_| | '_ \/ _` | \ \ \ \
 \\/  ___)| |_)| | | | | || (_| |  ) ) ) )
  '  |____| .__|_| |_|_| |_\__, | / / / /
 =========|_|==============|___/=/_/_/_/
 :: Spring Boot ::        (v1.3.0.RELEASE)

5641: INFO  WebServer - No profiles are active
5641: INFO  StandardService - Starting service Tomcat
5641: INFO  StandardEngine - Starting Servlet Engine: Apache Tomcat/8.0.28
5641: INFO  [/] - Initializing Spring embedded WebApplicationContext
5641: WARN  WebAccountsService - The RestTemplate request factory is org.springframework.cloud.netflix.ribbon.RibbonClientHttpRequestFactory@31ddd4a4
5641: WARN  URLConfigurationSource - No URLs will be polled as dynamic configuration sources.
5641: INFO  URLConfigurationSource - To enable URLs as dynamic configuration sources, define System property archaius.configurationSource.additionalUrls or make config.properties available on classpath.
5641: INFO  DynamicPropertyFactory - DynamicPropertyFactory is initialized with configuration sources: com.netflix.config.ConcurrentCompositeConfiguration@4d654825
5641: WARN  URLConfigurationSource - No URLs will be polled as dynamic configuration sources.
5641: INFO  URLConfigurationSource - To enable URLs as dynamic configuration sources, define System property archaius.configurationSource.additionalUrls or make config.properties available on classpath.
5641: INFO  EurekaConfigBasedInstanceInfoProvider - Setting initial instance status as: STARTING
5641: INFO  DiscoveryClient - Disable delta property : false
5641: INFO  DiscoveryClient - Single vip registry refresh property : null
5641: INFO  DiscoveryClient - Force full registry fetch : false
5641: INFO  DiscoveryClient - Application is null : false
5641: INFO  DiscoveryClient - Registered Applications size is zero : true
5641: INFO  DiscoveryClient - Application version is -1: true
5641: INFO  DiscoveryClient - Getting all instance registry info from the eureka server
5641: INFO  DiscoveryClient - The response status is 200
5641: INFO  DiscoveryClient - Starting heartbeat executor: renew interval is: 30
5641: INFO  Http11NioProtocol - Initializing ProtocolHandler ["http-nio-3333"]
5641: INFO  Http11NioProtocol - Starting ProtocolHandler ["http-nio-3333"]
5641: INFO  NioSelectorPool - Using a shared selector for servlet write/read
5641: INFO  WebServer - Started WebServer in 3.689 seconds (JVM running for 4.191)
5641: INFO  DiscoveryClient - Disable delta property : false
5641: INFO  DiscoveryClient - Single vip registry refresh property : null
5641: INFO  DiscoveryClient - Force full registry fetch : false
5641: INFO  DiscoveryClient - Application is null : false
5641: INFO  DiscoveryClient - Registered Applications size is zero : true
5641: INFO  DiscoveryClient - Application version is -1: false
5641: INFO  DiscoveryClient - Getting all instance registry info from the eureka server
5641: INFO  DiscoveryClient - The response status is 200
5641: INFO  DiscoveryClient - DiscoveryClient_WEB-SERVICE/cristian-PT - Re-registering apps/WEB-SERVICE
5641: INFO  DiscoveryClient - DiscoveryClient_WEB-SERVICE/cristian-PT: registering service...
5641: INFO  DiscoveryClient - DiscoveryClient_WEB-SERVICE/cristian-PT - registration status: 204
5641: INFO  DiscoveryClient - DiscoveryClient_WEB-SERVICE/cristian-PT - retransmit instance info with status UP
5641: INFO  DiscoveryClient - DiscoveryClient_WEB-SERVICE/cristian-PT: registering service...
5641: INFO  DiscoveryClient - DiscoveryClient_WEB-SERVICE/cristian-PT - registration status: 204
5641: INFO  DiscoveryClient - Disable delta property : false
5641: INFO  DiscoveryClient - Single vip registry refresh property : null
5641: INFO  DiscoveryClient - Force full registry fetch : false
5641: INFO  DiscoveryClient - Application is null : false
5641: INFO  DiscoveryClient - Registered Applications size is zero : true
5641: INFO  DiscoveryClient - Application version is -1: false
5641: INFO  DiscoveryClient - Getting all instance registry info from the eureka server
5641: INFO  DiscoveryClient - The response status is 200
5641: INFO  DiscoveryClient - DiscoveryClient_WEB-SERVICE/cristian-PT - Re-registering apps/WEB-SERVICE
5641: INFO  DiscoveryClient - DiscoveryClient_WEB-SERVICE/cristian-PT: registering service...
5641: INFO  DiscoveryClient - DiscoveryClient_WEB-SERVICE/cristian-PT - registration status: 204
